<?xml version="1.0" encoding="UTF-8"?>
<beans xmlns="http://www.springframework.org/schema/beans"
	xmlns:xsi="http://www.w3.org/2001/XMLSchema-instance"
	xmlns:context="http://www.springframework.org/schema/context"
	xmlns:p="http://www.springframework.org/schema/p"
	xmlns:util="http://www.springframework.org/schema/util"
	xmlns:aop="http://www.springframework.org/schema/aop"
	xsi:schemaLocation="http://www.springframework.org/schema/aop http://www.springframework.org/schema/aop/spring-aop-3.0.xsd
		http://www.springframework.org/schema/beans http://www.springframework.org/schema/beans/spring-beans.xsd
		http://www.springframework.org/schema/util http://www.springframework.org/schema/util/spring-util-3.0.xsd
		http://www.springframework.org/schema/context http://www.springframework.org/schema/context/spring-context-3.0.xsd">

<!-- <bean class="com.sitegraph.core.image.impl.ImageThumbnailerImpl" id="imageThumbnailer"  scope="prototype" lazy-init="false" >
	<constructor-arg>
		<util:constant static-field="com.sitegraph.core.util.SiteGraphConstants.DEFAULT_URL"/>
	</constructor-arg>
</bean>
 -->
 <bean class="Dummy" init-method="start" scope="singleton"  id="qApplicationWrap" name="qApplicationWrap" >
 <property name="daemon" value="true"></property>
 </bean>
 
<bean class="com.sitegraph.core.pdf.PdfThumbnailer" depends-on="qApplicationWrap" factory-bean="qApplicationWrap" factory-method="getPdfThumbnailer"  scope="prototype" lazy-init="true" >
	
</bean>

<bean class="com.sitegraph.core.store.fs.FileStore" scope="prototype" id="store" name="fileStore" lazy-init="false" >
</bean>


</beans>
